<?xml version="1.0" encoding="UTF-8"?>
<testng-results skipped="0" failed="0" ignored="0" total="1" passed="1">
  <reporter-output>
  </reporter-output>
  <suite name="Default suite" duration-ms="23054" started-at="2020-04-09T15:16:25Z" finished-at="2020-04-09T15:16:48Z">
    <groups>
    </groups>
    <test name="Default test" duration-ms="23054" started-at="2020-04-09T15:16:25Z" finished-at="2020-04-09T15:16:48Z">
      <class name="com.infy.sample.SeleniumDemo">
        <test-method status="PASS" signature="sampleTest()[pri:0, instance:com.infy.sample.SeleniumDemo@55f3ddb1]" name="sampleTest" duration-ms="23007" started-at="2020-04-09T15:16:25Z" finished-at="2020-04-09T15:16:48Z">
          <reporter-output>
          </reporter-output>
        </test-method> <!-- sampleTest -->
      </class> <!-- com.infy.sample.SeleniumDemo -->
    </test> <!-- Default test -->
  </suite> <!-- Default suite -->
</testng-results>
